[debug] [2021-10-26T06:52:51.547Z] ----------------------------------------------------------------------
[debug] [2021-10-26T06:52:51.554Z] Command:       C:\Program Files\nodejs\node.exe C:\Users\91876\AppData\Roaming\npm\node_modules\firebase-tools\lib\bin\firebase.js init
[debug] [2021-10-26T06:52:51.555Z] CLI Version:   9.21.0
[debug] [2021-10-26T06:52:51.555Z] Platform:      win32
[debug] [2021-10-26T06:52:51.555Z] Node Version:  v14.17.6
[debug] [2021-10-26T06:52:51.557Z] Time:          Tue Oct 26 2021 12:22:51 GMT+0530 (India Standard Time)
[debug] [2021-10-26T06:52:51.557Z] ----------------------------------------------------------------------
[debug] 
[debug] [2021-10-26T06:52:51.577Z] > command requires scopes: ["email","openid","https://www.googleapis.com/auth/cloudplatformprojects.readonly","https://www.googleapis.com/auth/firebase","https://www.googleapis.com/auth/cloud-platform"]
[debug] [2021-10-26T06:52:51.578Z] > authorizing via signed-in user (madihaeram786@gmail.com)
[info] 
     ######## #### ########  ######## ########     ###     ######  ########
     ##        ##  ##     ## ##       ##     ##  ##   ##  ##       ##
     ######    ##  ########  ######   ########  #########  ######  ######
     ##        ##  ##    ##  ##       ##     ## ##     ##       ## ##
     ##       #### ##     ## ######## ########  ##     ##  ######  ########

You're about to initialize a Firebase project in this directory:

  C:\Users\91876\shoppy

[info] 
=== Project Setup
[info] 
[info] First, let's associate this project directory with a Firebase project.
[info] You can create multiple project aliases by running firebase use --add, 
[info] but for now we'll just set up a default project.
[info] 
[debug] [2021-10-26T06:54:24.861Z] >>> [apiv2][query] GET https://firebase.googleapis.com/v1beta1/projects pageSize=100
[debug] [2021-10-26T06:54:27.158Z] <<< [apiv2][status] GET https://firebase.googleapis.com/v1beta1/projects 200
[debug] [2021-10-26T06:54:27.159Z] <<< [apiv2][body] GET https://firebase.googleapis.com/v1beta1/projects [omitted]
[info] i  Using project foodrecipe-app-cc619 (foodrecipe-app) 
[info] 
=== Hosting Setup
[info] 
[info] Your public directory is the folder (relative to your project directory) that
[info] will contain Hosting assets to be uploaded with firebase deploy. If you
[info] have a build process for your assets, use your build's output directory.
[info] 
